# JRE version: Java(TM) SE Runtime Environment (15.0.1+9) (build 15.0.1+9-18)
# Java VM: Java HotSpot(TM) 64-Bit Server VM (15.0.1+9-18, mixed mode, sharing, tiered, compressed oops, g1 gc, windows-amd64)
GC Precious Log:
 CPUs: 8 total, 8 available
 Memory: 8077M
 Large Page Support: Disabled
 NUMA Support: Disabled
 Compressed Oops: Enabled (32-bit)
 Heap Region Size: 1M
 Heap Min Capacity: 8M
 Heap Initial Capacity: 128M
 Heap Max Capacity: 2020M
 Pre-touch: Disabled
 Parallel Workers: 8
 Concurrent Workers: 2
 Concurrent Refinement Workers: 8
 Periodic GC: Disabled
Heap:
 garbage-first heap   total 67584K, used 31388K [0x0000000081c00000, 0x0000000100000000)
  region size 1024K, 15 young (15360K), 5 survivors (5120K)
 Metaspace       used 38372K, capacity 38856K, committed 38940K, reserved 1083392K
  class space    used 5000K, capacity 5188K, committed 5248K, reserved 1048576K
GC Heap History (18 events):
Event: 2.153 GC heap before
{Heap before GC invocations=0 (full 0):
 garbage-first heap   total 131072K, used 23552K [0x0000000081c00000, 0x0000000100000000)
  region size 1024K, 23 young (23552K), 0 survivors (0K)
 Metaspace       used 6844K, capacity 7031K, committed 7296K, reserved 1056768K
  class space    used 806K, capacity 872K, committed 896K, reserved 1048576K
}
Event: 2.173 GC heap after
{Heap after GC invocations=1 (full 0):
 garbage-first heap   total 131072K, used 7981K [0x0000000081c00000, 0x0000000100000000)
  region size 1024K, 3 young (3072K), 3 survivors (3072K)
 Metaspace       used 6844K, capacity 7031K, committed 7296K, reserved 1056768K
  class space    used 806K, capacity 872K, committed 896K, reserved 1048576K
}
Event: 2.659 GC heap before
{Heap before GC invocations=1 (full 0):
 garbage-first heap   total 131072K, used 25389K [0x0000000081c00000, 0x0000000100000000)
  region size 1024K, 21 young (21504K), 3 survivors (3072K)
 Metaspace       used 10013K, capacity 10231K, committed 10368K, reserved 1058816K
  class space    used 1240K, capacity 1317K, committed 1408K, reserved 1048576K
}
Event: 2.668 GC heap after
{Heap after GC invocations=2 (full 0):
 garbage-first heap   total 131072K, used 8922K [0x0000000081c00000, 0x0000000100000000)
  region size 1024K, 2 young (2048K), 2 survivors (2048K)
 Metaspace       used 10013K, capacity 10231K, committed 10368K, reserved 1058816K
  class space    used 1240K, capacity 1317K, committed 1408K, reserved 1048576K
}
Event: 3.804 GC heap before
{Heap before GC invocations=2 (full 0):
 garbage-first heap   total 131072K, used 44762K [0x0000000081c00000, 0x0000000100000000)
  region size 1024K, 38 young (38912K), 2 survivors (2048K)
 Metaspace       used 17240K, capacity 17528K, committed 17792K, reserved 1064960K
  class space    used 2267K, capacity 2376K, committed 2432K, reserved 1048576K
}
Event: 3.812 GC heap after
{Heap after GC invocations=3 (full 0):
 garbage-first heap   total 131072K, used 10932K [0x0000000081c00000, 0x0000000100000000)
  region size 1024K, 3 young (3072K), 3 survivors (3072K)
 Metaspace       used 17240K, capacity 17528K, committed 17792K, reserved 1064960K
  class space    used 2267K, capacity 2376K, committed 2432K, reserved 1048576K
}
Event: 5.993 GC heap before
{Heap before GC invocations=3 (full 0):
 garbage-first heap   total 131072K, used 49844K [0x0000000081c00000, 0x0000000100000000)
  region size 1024K, 43 young (44032K), 3 survivors (3072K)
 Metaspace       used 20756K, capacity 21152K, committed 21296K, reserved 1067008K
  class space    used 2715K, capacity 2853K, committed 2944K, reserved 1048576K
}
Event: 6.006 GC heap after
{Heap after GC invocations=4 (full 0):
 garbage-first heap   total 131072K, used 12922K [0x0000000081c00000, 0x0000000100000000)
  region size 1024K, 5 young (5120K), 5 survivors (5120K)
 Metaspace       used 20756K, capacity 21152K, committed 21296K, reserved 1067008K
  class space    used 2715K, capacity 2853K, committed 2944K, reserved 1048576K
}
Event: 8.000 GC heap before
{Heap before GC invocations=5 (full 0):
 garbage-first heap   total 48128K, used 47738K [0x0000000081c00000, 0x0000000100000000)
  region size 1024K, 39 young (39936K), 5 survivors (5120K)
 Metaspace       used 25630K, capacity 26063K, committed 26288K, reserved 1073152K
  class space    used 3383K, capacity 3520K, committed 3584K, reserved 1048576K
}
Event: 8.017 GC heap after
{Heap after GC invocations=6 (full 0):
 garbage-first heap   total 56320K, used 15594K [0x0000000081c00000, 0x0000000100000000)
  region size 1024K, 8 young (8192K), 8 survivors (8192K)
 Metaspace       used 25630K, capacity 26063K, committed 26288K, reserved 1073152K
  class space    used 3383K, capacity 3520K, committed 3584K, reserved 1048576K
}
Event: 8.448 GC heap before
{Heap before GC invocations=6 (full 0):
 garbage-first heap   total 56320K, used 38122K [0x0000000081c00000, 0x0000000100000000)
  region size 1024K, 31 young (31744K), 8 survivors (8192K)
 Metaspace       used 26979K, capacity 27471K, committed 27696K, reserved 1073152K
  class space    used 3505K, capacity 3648K, committed 3712K, reserved 1048576K
}
Event: 8.463 GC heap after
{Heap after GC invocations=7 (full 0):
 garbage-first heap   total 56320K, used 16719K [0x0000000081c00000, 0x0000000100000000)
  region size 1024K, 2 young (2048K), 2 survivors (2048K)
 Metaspace       used 26979K, capacity 27471K, committed 27696K, reserved 1073152K
  class space    used 3505K, capacity 3648K, committed 3712K, reserved 1048576K
}
Event: 9.563 GC heap before
{Heap before GC invocations=7 (full 0):
 garbage-first heap   total 56320K, used 40271K [0x0000000081c00000, 0x0000000100000000)
  region size 1024K, 25 young (25600K), 2 survivors (2048K)
 Metaspace       used 32008K, capacity 32487K, committed 32688K, reserved 1077248K
  class space    used 4123K, capacity 4294K, committed 4352K, reserved 1048576K
}
Event: 9.569 GC heap after
{Heap after GC invocations=8 (full 0):
 garbage-first heap   total 67584K, used 17815K [0x0000000081c00000, 0x0000000100000000)
  region size 1024K, 3 young (3072K), 3 survivors (3072K)
 Metaspace       used 32008K, capacity 32487K, committed 32688K, reserved 1077248K
  class space    used 4123K, capacity 4294K, committed 4352K, reserved 1048576K
}
Event: 10.387 GC heap before
{Heap before GC invocations=8 (full 0):
 garbage-first heap   total 67584K, used 35223K [0x0000000081c00000, 0x0000000100000000)
  region size 1024K, 21 young (21504K), 3 survivors (3072K)
 Metaspace       used 35402K, capacity 35840K, committed 35888K, reserved 1081344K
  class space    used 4585K, capacity 4722K, committed 4736K, reserved 1048576K
}
Event: 10.395 GC heap after
{Heap after GC invocations=9 (full 0):
 garbage-first heap   total 67584K, used 19358K [0x0000000081c00000, 0x0000000100000000)
  region size 1024K, 4 young (4096K), 4 survivors (4096K)
 Metaspace       used 35402K, capacity 35840K, committed 35888K, reserved 1081344K
  class space    used 4585K, capacity 4722K, committed 4736K, reserved 1048576K
}
Event: 11.713 GC heap before
{Heap before GC invocations=10 (full 0):
 garbage-first heap   total 67584K, used 50078K [0x0000000081c00000, 0x0000000100000000)
  region size 1024K, 34 young (34816K), 4 survivors (4096K)
 Metaspace       used 37839K, capacity 38326K, committed 38684K, reserved 1083392K
  class space    used 4944K, capacity 5121K, committed 5248K, reserved 1048576K
}
Event: 11.727 GC heap after
{Heap after GC invocations=11 (full 0):
 garbage-first heap   total 67584K, used 22172K [0x0000000081c00000, 0x0000000100000000)
  region size 1024K, 5 young (5120K), 5 survivors (5120K)
 Metaspace       used 37839K, capacity 38326K, committed 38684K, reserved 1083392K
  class space    used 4944K, capacity 5121K, committed 5248K, reserved 1048576K
}

